CRITICAL - 2024-01-11 09:00:00 --> Undefined array key "No"
in APPPATH\Views\surat\edit.php on line 22.
 1 APPPATH\Views\surat\edit.php(22): CodeIgniter\Debug\Exceptions->errorHandler(2, 'Undefined array key "No"', 'H:\\Project\\UAS\\app\\Views\\surat\\edit.php', 22)
 2 SYSTEMPATH\View\View.php(228): include('H:\\Project\\UAS\\app\\Views\\surat\\edit.php')
 3 SYSTEMPATH\View\View.php(231): CodeIgniter\View\View->CodeIgniter\View\{closure}()
 4 SYSTEMPATH\Common.php(1190): CodeIgniter\View\View->render('surat/edit', [], true)
 5 APPPATH\Controllers\Surat.php(50): view('surat/edit', [...])
 6 SYSTEMPATH\CodeIgniter.php(942): App\Controllers\Surat->edit('3')
 7 SYSTEMPATH\CodeIgniter.php(502): CodeIgniter\CodeIgniter->runController(Object(App\Controllers\Surat))
 8 SYSTEMPATH\CodeIgniter.php(361): CodeIgniter\CodeIgniter->handleRequest(null, Object(Config\Cache), false)
 9 FCPATH\index.php(79): CodeIgniter\CodeIgniter->run()
10 SYSTEMPATH\Commands\Server\rewrite.php(47): require_once('H:\\Project\\UAS\\public\\index.php')
CRITICAL - 2024-01-11 10:02:12 --> Call to undefined function form_open()
in APPPATH\Views\kejadian\create.php on line 14.
 1 SYSTEMPATH\View\View.php(228): include()
 2 SYSTEMPATH\View\View.php(231): CodeIgniter\View\View->CodeIgniter\View\{closure}()
 3 SYSTEMPATH\Common.php(1190): CodeIgniter\View\View->render('kejadian/create', [], true)
 4 APPPATH\Controllers\Kejadian.php(42): view('kejadian/create')
 5 SYSTEMPATH\CodeIgniter.php(942): App\Controllers\Kejadian->create()
 6 SYSTEMPATH\CodeIgniter.php(502): CodeIgniter\CodeIgniter->runController(Object(App\Controllers\Kejadian))
 7 SYSTEMPATH\CodeIgniter.php(361): CodeIgniter\CodeIgniter->handleRequest(null, Object(Config\Cache), false)
 8 FCPATH\index.php(79): CodeIgniter\CodeIgniter->run()
 9 SYSTEMPATH\Commands\Server\rewrite.php(47): require_once('H:\\Project\\UAS\\public\\index.php')
CRITICAL - 2024-01-11 10:54:58 --> Undefined array key "tanggal_kejadian "
in APPPATH\Views\kejadian\index.php on line 45.
 1 APPPATH\Views\kejadian\index.php(45): CodeIgniter\Debug\Exceptions->errorHandler(2, 'Undefined array key "tanggal_kejadian "', 'H:\\Project\\UAS\\app\\Views\\kejadian\\index.php', 45)
 2 SYSTEMPATH\View\View.php(228): include('H:\\Project\\UAS\\app\\Views\\kejadian\\index.php')
 3 SYSTEMPATH\View\View.php(231): CodeIgniter\View\View->CodeIgniter\View\{closure}()
 4 SYSTEMPATH\Common.php(1190): CodeIgniter\View\View->render('kejadian/index', [], true)
 5 APPPATH\Controllers\Kejadian.php(19): view('kejadian/index', [...])
 6 SYSTEMPATH\CodeIgniter.php(942): App\Controllers\Kejadian->index()
 7 SYSTEMPATH\CodeIgniter.php(502): CodeIgniter\CodeIgniter->runController(Object(App\Controllers\Kejadian))
 8 SYSTEMPATH\CodeIgniter.php(361): CodeIgniter\CodeIgniter->handleRequest(null, Object(Config\Cache), false)
 9 FCPATH\index.php(79): CodeIgniter\CodeIgniter->run()
10 SYSTEMPATH\Commands\Server\rewrite.php(47): require_once('H:\\Project\\UAS\\public\\index.php')
